Test results:
test46 FAILED
test64 FAILED
